#! /usr/bin/vvp
:ivl_version "10.1 (stable)";
:ivl_delay_selection "TYPICAL";
:vpi_time_precision + 0;
:vpi_module "system";
:vpi_module "vhdl_sys";
:vpi_module "v2005_math";
:vpi_module "va_math";
S_0x55a55fc25960 .scope module, "imm_gen_tb" "imm_gen_tb" 2 2;
 .timescale 0 0;
v0x55a55fc46020_0 .var "clk", 0 0;
v0x55a55fc460f0_0 .var "imm_in", 11 0;
v0x55a55fc461c0_0 .net "imm_out", 63 0, v0x55a55fc45ec0_0;  1 drivers
S_0x55a55fc25ae0 .scope module, "DUT" "imm_gen" 2 6, 3 1 0, S_0x55a55fc25960;
 .timescale 0 0;
    .port_info 0 /INPUT 1 "clk"
    .port_info 1 /INPUT 12 "imm_in"
    .port_info 2 /OUTPUT 64 "imm_out"
v0x55a55fc25d00_0 .net "clk", 0 0, v0x55a55fc46020_0;  1 drivers
v0x55a55fc45d20_0 .var/i "i", 31 0;
v0x55a55fc45e00_0 .net "imm_in", 11 0, v0x55a55fc460f0_0;  1 drivers
v0x55a55fc45ec0_0 .var "imm_out", 63 0;
    .scope S_0x55a55fc25ae0;
T_0 ;
    %delay 1, 0;
    %load/vec4 v0x55a55fc45e00_0;
    %ix/load 4, 0, 0;
    %flag_set/imm 4, 0;
    %store/vec4 v0x55a55fc45ec0_0, 4, 12;
    %pushi/vec4 12, 0, 32;
    %store/vec4 v0x55a55fc45d20_0, 0, 32;
T_0.0 ;
    %load/vec4 v0x55a55fc45d20_0;
    %cmpi/s 64, 0, 32;
    %jmp/0xz T_0.1, 5;
    %load/vec4 v0x55a55fc45e00_0;
    %parti/s 1, 11, 5;
    %ix/getv/s 4, v0x55a55fc45d20_0;
    %store/vec4 v0x55a55fc45ec0_0, 4, 1;
    %load/vec4 v0x55a55fc45d20_0;
    %addi 1, 0, 32;
    %store/vec4 v0x55a55fc45d20_0, 0, 32;
    %jmp T_0.0;
T_0.1 ;
    %jmp T_0;
    .thread T_0;
    .scope S_0x55a55fc25960;
T_1 ;
    %vpi_call 2 17 "$dumpfile", "wave.vcd" {0 0 0};
    %vpi_call 2 18 "$dumpvars" {0 0 0};
    %delay 10, 0;
    %pushi/vec4 1941, 0, 12;
    %store/vec4 v0x55a55fc460f0_0, 0, 12;
    %delay 10, 0;
    %pushi/vec4 2965, 0, 12;
    %store/vec4 v0x55a55fc460f0_0, 0, 12;
    %delay 10, 0;
    %pushi/vec4 2709, 0, 12;
    %store/vec4 v0x55a55fc460f0_0, 0, 12;
    %delay 10, 0;
    %pushi/vec4 917, 0, 12;
    %store/vec4 v0x55a55fc460f0_0, 0, 12;
    %delay 10, 0;
    %vpi_call 2 28 "$finish" {0 0 0};
    %end;
    .thread T_1;
    .scope S_0x55a55fc25960;
T_2 ;
    %vpi_call 2 33 "$display", "\011Input   \011\011\011Output" {0 0 0};
    %vpi_call 2 34 "$monitor", "\011%b\011%b", v0x55a55fc460f0_0, v0x55a55fc461c0_0 {0 0 0};
    %end;
    .thread T_2;
# The file index is used to find the file name in the following table.
:file_names 4;
    "N/A";
    "<interactive>";
    "test_bench.v";
    "./imm_gen.v";
