#! /usr/bin/vvp
:ivl_version "10.1 (stable)";
:ivl_delay_selection "TYPICAL";
:vpi_time_precision + 0;
:vpi_module "system";
:vpi_module "vhdl_sys";
:vpi_module "v2005_math";
:vpi_module "va_math";
S_0x55a235979de0 .scope module, "decoder_tb" "decoder_tb" 2 6;
 .timescale 0 0;
v0x55a23599a480_0 .var "decoder_input", 3 0;
v0x55a23599a570_0 .net "decoder_output", 15 0, v0x55a23599a280_0;  1 drivers
v0x55a23599a640_0 .var "enable", 0 0;
S_0x55a235979f60 .scope module, "DUT" "decoder" 2 11, 3 5 0, S_0x55a235979de0;
 .timescale 0 0;
    .port_info 0 /INPUT 4 "decoder_input"
    .port_info 1 /INPUT 1 "enable"
    .port_info 2 /OUTPUT 16 "decoder_output"
v0x55a23597a1a0_0 .net "decoder_input", 3 0, v0x55a23599a480_0;  1 drivers
v0x55a23599a280_0 .var "decoder_output", 15 0;
v0x55a23599a360_0 .net "enable", 0 0, v0x55a23599a640_0;  1 drivers
E_0x55a23596c730 .event edge, v0x55a23597a1a0_0, v0x55a23599a360_0;
    .scope S_0x55a235979f60;
T_0 ;
    %wait E_0x55a23596c730;
    %pushi/vec4 0, 0, 16;
    %store/vec4 v0x55a23599a280_0, 0, 16;
    %load/vec4 v0x55a23599a360_0;
    %flag_set/vec4 8;
    %jmp/0xz  T_0.0, 8;
    %load/vec4 v0x55a23597a1a0_0;
    %dup/vec4;
    %pushi/vec4 0, 0, 4;
    %cmp/u;
    %jmp/1 T_0.2, 6;
    %dup/vec4;
    %pushi/vec4 1, 0, 4;
    %cmp/u;
    %jmp/1 T_0.3, 6;
    %dup/vec4;
    %pushi/vec4 2, 0, 4;
    %cmp/u;
    %jmp/1 T_0.4, 6;
    %dup/vec4;
    %pushi/vec4 3, 0, 4;
    %cmp/u;
    %jmp/1 T_0.5, 6;
    %dup/vec4;
    %pushi/vec4 4, 0, 4;
    %cmp/u;
    %jmp/1 T_0.6, 6;
    %dup/vec4;
    %pushi/vec4 5, 0, 4;
    %cmp/u;
    %jmp/1 T_0.7, 6;
    %dup/vec4;
    %pushi/vec4 6, 0, 4;
    %cmp/u;
    %jmp/1 T_0.8, 6;
    %dup/vec4;
    %pushi/vec4 7, 0, 4;
    %cmp/u;
    %jmp/1 T_0.9, 6;
    %dup/vec4;
    %pushi/vec4 8, 0, 4;
    %cmp/u;
    %jmp/1 T_0.10, 6;
    %dup/vec4;
    %pushi/vec4 9, 0, 4;
    %cmp/u;
    %jmp/1 T_0.11, 6;
    %dup/vec4;
    %pushi/vec4 10, 0, 4;
    %cmp/u;
    %jmp/1 T_0.12, 6;
    %dup/vec4;
    %pushi/vec4 11, 0, 4;
    %cmp/u;
    %jmp/1 T_0.13, 6;
    %dup/vec4;
    %pushi/vec4 12, 0, 4;
    %cmp/u;
    %jmp/1 T_0.14, 6;
    %dup/vec4;
    %pushi/vec4 13, 0, 4;
    %cmp/u;
    %jmp/1 T_0.15, 6;
    %dup/vec4;
    %pushi/vec4 14, 0, 4;
    %cmp/u;
    %jmp/1 T_0.16, 6;
    %dup/vec4;
    %pushi/vec4 15, 0, 4;
    %cmp/u;
    %jmp/1 T_0.17, 6;
    %jmp T_0.18;
T_0.2 ;
    %pushi/vec4 1, 0, 16;
    %store/vec4 v0x55a23599a280_0, 0, 16;
    %jmp T_0.18;
T_0.3 ;
    %pushi/vec4 2, 0, 16;
    %store/vec4 v0x55a23599a280_0, 0, 16;
    %jmp T_0.18;
T_0.4 ;
    %pushi/vec4 4, 0, 16;
    %store/vec4 v0x55a23599a280_0, 0, 16;
    %jmp T_0.18;
T_0.5 ;
    %pushi/vec4 8, 0, 16;
    %store/vec4 v0x55a23599a280_0, 0, 16;
    %jmp T_0.18;
T_0.6 ;
    %pushi/vec4 16, 0, 16;
    %store/vec4 v0x55a23599a280_0, 0, 16;
    %jmp T_0.18;
T_0.7 ;
    %pushi/vec4 32, 0, 16;
    %store/vec4 v0x55a23599a280_0, 0, 16;
    %jmp T_0.18;
T_0.8 ;
    %pushi/vec4 64, 0, 16;
    %store/vec4 v0x55a23599a280_0, 0, 16;
    %jmp T_0.18;
T_0.9 ;
    %pushi/vec4 128, 0, 16;
    %store/vec4 v0x55a23599a280_0, 0, 16;
    %jmp T_0.18;
T_0.10 ;
    %pushi/vec4 256, 0, 16;
    %store/vec4 v0x55a23599a280_0, 0, 16;
    %jmp T_0.18;
T_0.11 ;
    %pushi/vec4 512, 0, 16;
    %store/vec4 v0x55a23599a280_0, 0, 16;
    %jmp T_0.18;
T_0.12 ;
    %pushi/vec4 1024, 0, 16;
    %store/vec4 v0x55a23599a280_0, 0, 16;
    %jmp T_0.18;
T_0.13 ;
    %pushi/vec4 2048, 0, 16;
    %store/vec4 v0x55a23599a280_0, 0, 16;
    %jmp T_0.18;
T_0.14 ;
    %pushi/vec4 4096, 0, 16;
    %store/vec4 v0x55a23599a280_0, 0, 16;
    %jmp T_0.18;
T_0.15 ;
    %pushi/vec4 8192, 0, 16;
    %store/vec4 v0x55a23599a280_0, 0, 16;
    %jmp T_0.18;
T_0.16 ;
    %pushi/vec4 16384, 0, 16;
    %store/vec4 v0x55a23599a280_0, 0, 16;
    %jmp T_0.18;
T_0.17 ;
    %pushi/vec4 32768, 0, 16;
    %store/vec4 v0x55a23599a280_0, 0, 16;
    %jmp T_0.18;
T_0.18 ;
    %pop/vec4 1;
T_0.0 ;
    %jmp T_0;
    .thread T_0, $push;
    .scope S_0x55a235979de0;
T_1 ;
    %vpi_call 2 15 "$dumpfile", "test.vcd" {0 0 0};
    %vpi_call 2 16 "$dumpvars", 32'sb00000000000000000000000000000000, S_0x55a235979de0 {0 0 0};
    %pushi/vec4 0, 0, 1;
    %store/vec4 v0x55a23599a640_0, 0, 1;
    %pushi/vec4 0, 0, 4;
    %store/vec4 v0x55a23599a480_0, 0, 4;
    %delay 10, 0;
    %pushi/vec4 1, 0, 4;
    %store/vec4 v0x55a23599a480_0, 0, 4;
    %delay 10, 0;
    %pushi/vec4 2, 0, 4;
    %store/vec4 v0x55a23599a480_0, 0, 4;
    %delay 10, 0;
    %pushi/vec4 3, 0, 4;
    %store/vec4 v0x55a23599a480_0, 0, 4;
    %delay 10, 0;
    %pushi/vec4 4, 0, 4;
    %store/vec4 v0x55a23599a480_0, 0, 4;
    %delay 10, 0;
    %pushi/vec4 5, 0, 4;
    %store/vec4 v0x55a23599a480_0, 0, 4;
    %delay 10, 0;
    %pushi/vec4 6, 0, 4;
    %store/vec4 v0x55a23599a480_0, 0, 4;
    %delay 10, 0;
    %pushi/vec4 7, 0, 4;
    %store/vec4 v0x55a23599a480_0, 0, 4;
    %delay 10, 0;
    %pushi/vec4 8, 0, 4;
    %store/vec4 v0x55a23599a480_0, 0, 4;
    %delay 10, 0;
    %pushi/vec4 9, 0, 4;
    %store/vec4 v0x55a23599a480_0, 0, 4;
    %delay 10, 0;
    %pushi/vec4 10, 0, 4;
    %store/vec4 v0x55a23599a480_0, 0, 4;
    %delay 10, 0;
    %pushi/vec4 11, 0, 4;
    %store/vec4 v0x55a23599a480_0, 0, 4;
    %delay 10, 0;
    %pushi/vec4 12, 0, 4;
    %store/vec4 v0x55a23599a480_0, 0, 4;
    %delay 10, 0;
    %pushi/vec4 13, 0, 4;
    %store/vec4 v0x55a23599a480_0, 0, 4;
    %delay 10, 0;
    %pushi/vec4 14, 0, 4;
    %store/vec4 v0x55a23599a480_0, 0, 4;
    %delay 10, 0;
    %pushi/vec4 15, 0, 4;
    %store/vec4 v0x55a23599a480_0, 0, 4;
    %delay 10, 0;
    %pushi/vec4 1, 0, 1;
    %store/vec4 v0x55a23599a640_0, 0, 1;
    %pushi/vec4 0, 0, 4;
    %store/vec4 v0x55a23599a480_0, 0, 4;
    %delay 10, 0;
    %pushi/vec4 1, 0, 4;
    %store/vec4 v0x55a23599a480_0, 0, 4;
    %delay 10, 0;
    %pushi/vec4 2, 0, 4;
    %store/vec4 v0x55a23599a480_0, 0, 4;
    %delay 10, 0;
    %pushi/vec4 3, 0, 4;
    %store/vec4 v0x55a23599a480_0, 0, 4;
    %delay 10, 0;
    %pushi/vec4 4, 0, 4;
    %store/vec4 v0x55a23599a480_0, 0, 4;
    %delay 10, 0;
    %pushi/vec4 5, 0, 4;
    %store/vec4 v0x55a23599a480_0, 0, 4;
    %delay 10, 0;
    %pushi/vec4 6, 0, 4;
    %store/vec4 v0x55a23599a480_0, 0, 4;
    %delay 10, 0;
    %pushi/vec4 7, 0, 4;
    %store/vec4 v0x55a23599a480_0, 0, 4;
    %delay 10, 0;
    %pushi/vec4 8, 0, 4;
    %store/vec4 v0x55a23599a480_0, 0, 4;
    %delay 10, 0;
    %pushi/vec4 9, 0, 4;
    %store/vec4 v0x55a23599a480_0, 0, 4;
    %delay 10, 0;
    %pushi/vec4 10, 0, 4;
    %store/vec4 v0x55a23599a480_0, 0, 4;
    %delay 10, 0;
    %pushi/vec4 11, 0, 4;
    %store/vec4 v0x55a23599a480_0, 0, 4;
    %delay 10, 0;
    %pushi/vec4 12, 0, 4;
    %store/vec4 v0x55a23599a480_0, 0, 4;
    %delay 10, 0;
    %pushi/vec4 13, 0, 4;
    %store/vec4 v0x55a23599a480_0, 0, 4;
    %delay 10, 0;
    %pushi/vec4 14, 0, 4;
    %store/vec4 v0x55a23599a480_0, 0, 4;
    %delay 10, 0;
    %pushi/vec4 15, 0, 4;
    %store/vec4 v0x55a23599a480_0, 0, 4;
    %delay 10, 0;
    %vpi_call 2 52 "$finish" {0 0 0};
    %end;
    .thread T_1;
    .scope S_0x55a235979de0;
T_2 ;
    %vpi_call 2 58 "$display", "Enable\011\011Input\011\011    Output" {0 0 0};
    %vpi_call 2 59 "$monitor", "  %b\011\011%b\011\011%b", v0x55a23599a640_0, v0x55a23599a480_0, v0x55a23599a570_0 {0 0 0};
    %end;
    .thread T_2;
# The file index is used to find the file name in the following table.
:file_names 4;
    "N/A";
    "<interactive>";
    "decoder_tb.vl";
    "./decoder.vl";
